[2025-02-02T23:42:59.477] [INFO] server - Twitter Search Service (HTTPS) started on port 3000
[2025-02-02T23:42:59.521] [INFO] server - Connected to MongoDB
[2025-02-02T23:49:53.536] [ERROR] server - Failed to get developer token list:
[2025-02-02T23:50:00.476] [INFO] server - Preparing to analyze data: {
  hasUserInfo: true,
  tweetsCount: 20,
  searchResultsCount: 30,
  hasTokenDescription: true
}
[2025-02-03T03:55:23.560] [INFO] server - Twitter Search Service (HTTPS) started on port 3000
[2025-02-03T03:55:23.609] [INFO] server - Connected to MongoDB
[2025-02-03T03:56:08.635] [INFO] server - Preparing to analyze data: {
  hasUserInfo: true,
  tweetsCount: 1,
  searchResultsCount: 30,
  hasTokenDescription: false
}
[2025-02-03T03:57:01.445] [INFO] server - Preparing to analyze data: {
  hasUserInfo: true,
  tweetsCount: 1,
  searchResultsCount: 30,
  hasTokenDescription: false
}
[2025-02-03T04:08:01.724] [INFO] server - Twitter Search Service (HTTPS) started on port 3000
[2025-02-03T04:08:01.757] [INFO] server - Connected to MongoDB
[2025-02-03T04:08:16.639] [INFO] server - Preparing to analyze data: {
  hasUserInfo: true,
  tweetsCount: 1,
  searchResultsCount: 30,
  hasTokenDescription: false
}
[2025-02-03T04:08:17.141] [ERROR] server - Failed to get developer token list:
[2025-02-03T04:08:37.221] [ERROR] server - Failed to get developer token list:
[2025-02-03T04:08:42.562] [INFO] server - Preparing to analyze data: {
  hasUserInfo: true,
  tweetsCount: 1,
  searchResultsCount: 11,
  hasTokenDescription: true
}
[2025-02-03T04:11:48.188] [ERROR] server - Failed to get developer token list:
[2025-02-03T04:11:53.894] [INFO] server - Preparing to analyze data: {
  hasUserInfo: true,
  tweetsCount: 20,
  searchResultsCount: 30,
  hasTokenDescription: true
}
[2025-02-03T05:41:08.949] [INFO] server - Preparing to analyze data: {
  hasUserInfo: true,
  tweetsCount: 20,
  searchResultsCount: 30,
  hasTokenDescription: false
}
[2025-02-03T05:57:21.235] [INFO] server - Preparing to analyze data: {
  hasUserInfo: true,
  tweetsCount: 20,
  searchResultsCount: 30,
  hasTokenDescription: false
}
[2025-02-03T06:05:17.285] [INFO] server - Preparing to analyze data: {
  hasUserInfo: true,
  tweetsCount: 20,
  searchResultsCount: 30,
  hasTokenDescription: false
}
[2025-02-03T06:05:32.767] [INFO] server - Preparing to analyze data: {
  hasUserInfo: true,
  tweetsCount: 20,
  searchResultsCount: 30,
  hasTokenDescription: false
}
[2025-02-03T06:05:34.891] [INFO] server - Preparing to analyze data: {
  hasUserInfo: true,
  tweetsCount: 20,
  searchResultsCount: 30,
  hasTokenDescription: false
}
[2025-02-03T06:05:35.898] [INFO] server - Preparing to analyze data: {
  hasUserInfo: true,
  tweetsCount: 20,
  searchResultsCount: 30,
  hasTokenDescription: false
}
[2025-02-03T06:05:43.252] [INFO] server - Preparing to analyze data: {
  hasUserInfo: true,
  tweetsCount: 20,
  searchResultsCount: 30,
  hasTokenDescription: false
}
[2025-02-03T06:09:38.300] [INFO] server - Preparing to analyze data: {
  hasUserInfo: true,
  tweetsCount: 20,
  searchResultsCount: 30,
  hasTokenDescription: false
}
[2025-02-03T06:09:48.362] [INFO] server - Preparing to analyze data: {
  hasUserInfo: true,
  tweetsCount: 20,
  searchResultsCount: 30,
  hasTokenDescription: false
}
[2025-02-03T06:09:51.280] [INFO] server - Preparing to analyze data: {
  hasUserInfo: true,
  tweetsCount: 20,
  searchResultsCount: 30,
  hasTokenDescription: false
}
[2025-02-03T06:10:15.472] [INFO] server - Preparing to analyze data: {
  hasUserInfo: true,
  tweetsCount: 20,
  searchResultsCount: 30,
  hasTokenDescription: false
}
[2025-02-03T06:10:28.388] [INFO] server - Preparing to analyze data: {
  hasUserInfo: true,
  tweetsCount: 20,
  searchResultsCount: 30,
  hasTokenDescription: false
}
[2025-02-03T06:10:35.736] [INFO] server - Preparing to analyze data: {
  hasUserInfo: true,
  tweetsCount: 20,
  searchResultsCount: 30,
  hasTokenDescription: false
}
[2025-02-03T06:10:39.268] [INFO] server - Preparing to analyze data: {
  hasUserInfo: true,
  tweetsCount: 20,
  searchResultsCount: 30,
  hasTokenDescription: false
}
[2025-02-03T06:20:56.225] [INFO] server - Twitter Search Service (HTTPS) started on port 3000
[2025-02-03T06:20:56.267] [INFO] server - Connected to MongoDB
[2025-02-03T06:21:27.672] [INFO] server - Twitter Search Service (HTTPS) started on port 3000
[2025-02-03T06:21:27.705] [INFO] server - Connected to MongoDB
[2025-02-03T06:22:47.844] [INFO] server - Preparing to analyze data: {
  hasUserInfo: true,
  tweetsCount: 20,
  searchResultsCount: 30,
  hasTokenDescription: false
}
[2025-02-03T14:49:23.182] [INFO] server - Preparing to analyze data: {
  hasUserInfo: true,
  tweetsCount: 20,
  searchResultsCount: 30,
  hasTokenDescription: false
}
[2025-02-03T14:50:59.096] [INFO] server - Preparing to analyze data: {
  hasUserInfo: true,
  tweetsCount: 20,
  searchResultsCount: 30,
  hasTokenDescription: false
}
[2025-02-03T14:51:07.846] [INFO] server - Preparing to analyze data: {
  hasUserInfo: true,
  tweetsCount: 20,
  searchResultsCount: 30,
  hasTokenDescription: false
}
[2025-02-03T15:14:37.815] [INFO] server - Twitter Search Service (HTTPS) started on port 3000
[2025-02-03T15:14:37.857] [INFO] server - Connected to MongoDB
[2025-02-03T15:25:06.834] [INFO] server - Twitter Search Service (HTTPS) started on port 3000
[2025-02-03T15:25:06.871] [INFO] server - Connected to MongoDB
[2025-02-03T15:31:04.320] [INFO] server - Preparing to analyze data: {
  hasUserInfo: true,
  tweetsCount: 20,
  searchResultsCount: 30,
  hasTokenDescription: false
}
[2025-02-03T15:39:00.342] [INFO] server - Twitter Search Service (HTTPS) started on port 3000
[2025-02-03T15:39:00.374] [INFO] server - Connected to MongoDB
[2025-02-03T15:39:06.465] [INFO] server - Preparing to analyze data: {
  hasUserInfo: true,
  tweetsCount: 20,
  searchResultsCount: 30,
  hasTokenDescription: false
}
[2025-02-03T15:39:22.696] [INFO] server - Preparing to analyze data: {
  hasUserInfo: true,
  tweetsCount: 14,
  searchResultsCount: 30,
  hasTokenDescription: false
}
[2025-02-03T15:41:34.900] [INFO] server - Preparing to analyze data: {
  hasUserInfo: true,
  tweetsCount: 14,
  searchResultsCount: 30,
  hasTokenDescription: false
}
[2025-02-03T15:41:38.181] [ERROR] server - Failed to get developer token list:
[2025-02-03T15:42:26.215] [INFO] server - Preparing to analyze data: {
  hasUserInfo: true,
  tweetsCount: 20,
  searchResultsCount: 30,
  hasTokenDescription: true
}
[2025-02-03T15:43:35.306] [INFO] server - Preparing to analyze data: {
  hasUserInfo: true,
  tweetsCount: 20,
  searchResultsCount: 30,
  hasTokenDescription: false
}
[2025-02-03T15:47:31.185] [INFO] server - Twitter Search Service (HTTPS) started on port 3000
[2025-02-03T15:47:31.214] [INFO] server - Connected to MongoDB
[2025-02-03T15:48:07.645] [INFO] server - Preparing to analyze data: {
  hasUserInfo: true,
  tweetsCount: 20,
  searchResultsCount: 30,
  hasTokenDescription: true
}
[2025-02-03T17:08:52.143] [INFO] server - Twitter Search Service (HTTPS) started on port 3000
[2025-02-03T17:08:52.194] [INFO] server - Connected to MongoDB
[2025-02-03T17:08:55.337] [ERROR] server - Failed to get developer token list:
[2025-02-03T17:09:03.058] [INFO] server - Preparing to analyze data: {
  hasUserInfo: true,
  tweetsCount: 1,
  searchResultsCount: 30,
  hasTokenDescription: true
}
[2025-02-03T17:09:21.924] [INFO] server - Preparing to analyze data: {
  hasUserInfo: true,
  tweetsCount: 1,
  searchResultsCount: 30,
  hasTokenDescription: true
}
[2025-02-03T17:09:22.605] [INFO] server - Preparing to analyze data: {
  hasUserInfo: true,
  tweetsCount: 1,
  searchResultsCount: 30,
  hasTokenDescription: true
}
[2025-02-03T17:11:27.142] [INFO] server - Preparing to analyze data: {
  hasUserInfo: true,
  tweetsCount: 1,
  searchResultsCount: 30,
  hasTokenDescription: true
}
[2025-02-03T19:35:45.246] [INFO] server - Twitter Search Service (HTTPS) started on port 3000
[2025-02-03T19:35:45.309] [INFO] server - Connected to MongoDB
[2025-02-03T19:39:25.214] [INFO] server - Twitter Search Service (HTTPS) started on port 3000
[2025-02-03T19:39:25.262] [INFO] server - Connected to MongoDB
[2025-02-03T19:40:24.371] [INFO] server - Preparing to analyze data: {
  hasUserInfo: true,
  tweetsCount: 20,
  searchResultsCount: 30,
  hasTokenDescription: true
}
[2025-02-03T19:40:59.471] [INFO] server - Preparing to analyze data: {
  hasUserInfo: true,
  tweetsCount: 20,
  searchResultsCount: 30,
  hasTokenDescription: true
}
[2025-02-03T19:41:17.145] [ERROR] server - Failed to get developer token list:
[2025-02-03T19:41:24.625] [INFO] server - Preparing to analyze data: {
  hasUserInfo: true,
  tweetsCount: 20,
  searchResultsCount: 30,
  hasTokenDescription: true
}
[2025-02-03T19:42:07.806] [ERROR] server - Failed to get developer token list:
[2025-02-03T19:42:15.120] [INFO] server - Preparing to analyze data: {
  hasUserInfo: true,
  tweetsCount: 20,
  searchResultsCount: 30,
  hasTokenDescription: true
}
[2025-02-03T19:44:55.352] [ERROR] server - Failed to get developer token list:
[2025-02-03T19:45:02.407] [INFO] server - Preparing to analyze data: {
  hasUserInfo: true,
  tweetsCount: 20,
  searchResultsCount: 30,
  hasTokenDescription: true
}
[2025-02-03T19:46:48.368] [INFO] server - Preparing to analyze data: {
  hasUserInfo: true,
  tweetsCount: 1,
  searchResultsCount: 30,
  hasTokenDescription: true
}
[2025-02-03T19:47:08.470] [INFO] server - Preparing to analyze data: {
  hasUserInfo: true,
  tweetsCount: 1,
  searchResultsCount: 30,
  hasTokenDescription: true
}
[2025-02-03T19:47:56.673] [ERROR] server - Failed to get developer token list:
[2025-02-03T19:48:00.854] [INFO] server - Preparing to analyze data: {
  hasUserInfo: true,
  tweetsCount: 1,
  searchResultsCount: 30,
  hasTokenDescription: true
}
[2025-02-03T19:48:22.617] [ERROR] server - Failed to get developer token list:
[2025-02-03T19:48:29.161] [INFO] server - Preparing to analyze data: {
  hasUserInfo: true,
  tweetsCount: 1,
  searchResultsCount: 30,
  hasTokenDescription: false
}
[2025-02-03T19:52:14.658] [INFO] server - Twitter Search Service (HTTPS) started on port 3000
[2025-02-03T19:52:14.687] [INFO] server - Connected to MongoDB
[2025-02-03T19:52:25.455] [INFO] server - Preparing to analyze data: {
  hasUserInfo: true,
  tweetsCount: 1,
  searchResultsCount: 30,
  hasTokenDescription: true
}
[2025-02-03T19:53:20.514] [INFO] server - Preparing to analyze data: {
  hasUserInfo: true,
  tweetsCount: 1,
  searchResultsCount: 30,
  hasTokenDescription: true
}
[2025-02-03T19:53:43.628] [INFO] server - Preparing to analyze data: {
  hasUserInfo: true,
  tweetsCount: 1,
  searchResultsCount: 30,
  hasTokenDescription: true
}
[2025-02-03T19:55:23.445] [INFO] server - Twitter Search Service (HTTPS) started on port 3000
[2025-02-03T19:55:23.485] [INFO] server - Connected to MongoDB
[2025-02-03T19:55:35.299] [ERROR] server - Failed to get developer token list:
[2025-02-03T19:55:39.030] [INFO] server - Preparing to analyze data: {
  hasUserInfo: true,
  tweetsCount: 1,
  searchResultsCount: 30,
  hasTokenDescription: true
}
[2025-02-03T19:56:07.356] [ERROR] server - Failed to get developer token list:
[2025-02-03T19:56:11.473] [INFO] server - Preparing to analyze data: {
  hasUserInfo: true,
  tweetsCount: 1,
  searchResultsCount: 30,
  hasTokenDescription: true
}
[2025-02-03T19:57:29.881] [ERROR] server - Failed to get developer token list:
[2025-02-03T19:57:33.696] [INFO] server - Preparing to analyze data: {
  hasUserInfo: true,
  tweetsCount: 1,
  searchResultsCount: 30,
  hasTokenDescription: true
}
[2025-02-03T19:59:47.444] [INFO] server - Twitter Search Service (HTTPS) started on port 3000
[2025-02-03T19:59:47.491] [INFO] server - Connected to MongoDB
[2025-02-03T19:59:59.544] [INFO] server - Preparing to analyze data: {
  hasUserInfo: true,
  tweetsCount: 1,
  searchResultsCount: 30,
  hasTokenDescription: true
}
[2025-02-03T20:00:24.908] [INFO] server - Preparing to analyze data: {
  hasUserInfo: true,
  tweetsCount: 1,
  searchResultsCount: 30,
  hasTokenDescription: false
}
[2025-02-03T20:00:54.534] [INFO] server - Preparing to analyze data: {
  hasUserInfo: true,
  tweetsCount: 20,
  searchResultsCount: 30,
  hasTokenDescription: true
}
[2025-02-03T20:02:04.084] [ERROR] server - Failed to get developer token list:
[2025-02-03T20:02:07.542] [INFO] server - Preparing to analyze data: {
  hasUserInfo: false,
  tweetsCount: undefined,
  searchResultsCount: 30,
  hasTokenDescription: true
}
[2025-02-03T20:02:15.208] [ERROR] server - Failed to get developer token list:
[2025-02-03T20:02:32.476] [ERROR] server - Failed to get developer token list:
[2025-02-03T20:02:38.817] [INFO] server - Preparing to analyze data: {
  hasUserInfo: true,
  tweetsCount: 20,
  searchResultsCount: 30,
  hasTokenDescription: true
}
[2025-02-03T20:02:58.298] [ERROR] server - Failed to get developer token list:
[2025-02-03T20:03:05.519] [INFO] server - Preparing to analyze data: {
  hasUserInfo: true,
  tweetsCount: 20,
  searchResultsCount: 30,
  hasTokenDescription: true
}
[2025-02-03T20:03:37.585] [ERROR] server - Failed to get developer token list:
[2025-02-03T20:03:44.390] [INFO] server - Preparing to analyze data: {
  hasUserInfo: true,
  tweetsCount: 20,
  searchResultsCount: 30,
  hasTokenDescription: true
}
[2025-02-03T20:05:40.100] [INFO] server - Preparing to analyze data: {
  hasUserInfo: true,
  tweetsCount: 1,
  searchResultsCount: 30,
  hasTokenDescription: false
}
[2025-02-03T20:06:16.793] [INFO] server - Preparing to analyze data: {
  hasUserInfo: true,
  tweetsCount: 20,
  searchResultsCount: 30,
  hasTokenDescription: true
}
[2025-02-03T20:44:35.019] [INFO] server - Twitter Search Service (HTTPS) started on port 3000
[2025-02-03T20:44:35.046] [INFO] server - Connected to MongoDB
[2025-02-03T20:44:52.910] [INFO] server - Preparing to analyze data: {
  hasUserInfo: true,
  tweetsCount: 20,
  searchResultsCount: 30,
  hasTokenDescription: true
}
[2025-02-03T20:45:26.648] [INFO] server - Preparing to analyze data: {
  hasUserInfo: true,
  tweetsCount: 20,
  searchResultsCount: 30,
  hasTokenDescription: true
}
[2025-02-03T20:46:06.670] [ERROR] server - User profile analysis failed: Error: Unable to complete analysis, please try again later
    at UserProfileAnalyzer.analyzeUserProfile (d:\workspace\web3\search\searchnext\frontend\searchbot\userProfileAnalyzer.js:213:19)
    at async TwitterSearchService.analyzeProfile (d:\workspace\web3\search\searchnext\frontend\searchbot\twitterSearchService.js:410:33)
    at async d:\workspace\web3\search\searchnext\frontend\searchbot\server.js:187:42
[2025-02-03T20:46:10.961] [INFO] server - Preparing to analyze data: {
  hasUserInfo: true,
  tweetsCount: 20,
  searchResultsCount: 30,
  hasTokenDescription: true
}
[2025-02-03T20:47:03.311] [INFO] server - Preparing to analyze data: {
  hasUserInfo: true,
  tweetsCount: 1,
  searchResultsCount: 30,
  hasTokenDescription: false
}
[2025-02-03T20:55:34.995] [INFO] server - Twitter Search Service (HTTPS) started on port 3000
[2025-02-03T20:56:55.804] [INFO] server - Preparing to analyze data: {
  hasUserInfo: true,
  tweetsCount: 5,
  searchResultsCount: 30,
  hasTokenDescription: true
}
[2025-02-03T21:09:25.650] [INFO] server - Twitter Search Service (HTTPS) started on port 3000
[2025-02-03T21:09:25.679] [INFO] server - Connected to MongoDB
[2025-02-03T21:12:21.060] [INFO] server - Preparing to analyze data: {
  hasUserInfo: true,
  tweetsCount: 5,
  searchResultsCount: 30,
  hasTokenDescription: true
}
[2025-02-03T21:12:21.533] [ERROR] server - Failed to get developer token list:
[2025-02-03T21:12:23.812] [ERROR] server - Failed to get developer token list:
[2025-02-03T21:12:31.595] [ERROR] server - Failed to get developer token list:
[2025-02-03T21:20:56.285] [INFO] server - Twitter Search Service (HTTPS) started on port 3000
[2025-02-03T21:20:56.334] [INFO] server - Connected to MongoDB
[2025-02-03T21:27:18.601] [ERROR] server - Failed to get developer token list:
[2025-02-03T21:27:32.343] [INFO] server - Preparing to analyze data: {
  hasUserInfo: true,
  tweetsCount: 1,
  searchResultsCount: 30,
  hasTokenDescription: true
}
[2025-02-03T21:27:54.056] [ERROR] server - User profile analysis failed: Error: Unable to complete analysis, please try again later
    at UserProfileAnalyzer.analyzeUserProfile (d:\workspace\web3\search\searchnext\frontend\searchbot\userProfileAnalyzer.js:213:19)
    at process.processTicksAndRejections (node:internal/process/task_queues:105:5)
    at async TwitterSearchService.analyzeProfile (d:\workspace\web3\search\searchnext\frontend\searchbot\twitterSearchService.js:307:33)
    at async d:\workspace\web3\search\searchnext\frontend\searchbot\server.js:187:42
[2025-02-03T21:28:02.922] [INFO] server - Preparing to analyze data: {
  hasUserInfo: true,
  tweetsCount: 1,
  searchResultsCount: 30,
  hasTokenDescription: true
}
[2025-02-03T21:28:42.934] [ERROR] server - User profile analysis failed: Error: Unable to complete analysis, please try again later
    at UserProfileAnalyzer.analyzeUserProfile (d:\workspace\web3\search\searchnext\frontend\searchbot\userProfileAnalyzer.js:213:19)
    at async TwitterSearchService.analyzeProfile (d:\workspace\web3\search\searchnext\frontend\searchbot\twitterSearchService.js:307:33)
    at async d:\workspace\web3\search\searchnext\frontend\searchbot\server.js:187:42
