[2025-02-02T23:42:59.470] [INFO] twitter - Extracted 151 accounts from configuration
[2025-02-02T23:49:58.146] [INFO] twitter - 合约搜索成功，找到 30 条结果
[2025-02-02T23:49:58.146] [INFO] twitter - 搜索合约数据完成 [CzLSujWBLFsSjncfkh59rUFqvafWcY5tzedWJSuypump], 耗时: 5373ms, 结果数: 30
[2025-02-02T23:50:00.475] [INFO] twitter - 搜索用户数据完成 [truth_terminal], 耗时: 2328ms
[2025-02-02T23:50:04.121] [INFO] twitter - 分析用户画像完成, 耗时: 3645ms
[2025-02-03T03:55:23.548] [INFO] twitter - Extracted 151 accounts from configuration
[2025-02-03T03:56:04.988] [INFO] twitter - 合约搜索成功，找到 30 条结果
[2025-02-03T03:56:04.988] [INFO] twitter - 搜索合约数据完成 [H7ASztrWPx5E7NgVZxELRAwiNGkUmwsZtWutXpYFpump], 耗时: 4596ms, 结果数: 30
[2025-02-03T03:56:06.875] [INFO] twitter - 缓存单条推文 [1886123276520370281]
[2025-02-03T03:56:08.634] [INFO] twitter - 搜索用户数据完成 [nikitabier], 耗时: 1759ms
[2025-02-03T03:56:08.635] [INFO] twitter - 缓存推文作者信息 [nikitabier]
[2025-02-03T03:56:08.635] [INFO] twitter - 获取单条推文完成 [1886123276520370281], 耗时: 3646ms
[2025-02-03T03:56:12.163] [INFO] twitter - 分析用户画像完成, 耗时: 3524ms
[2025-02-03T03:57:01.444] [INFO] twitter - 从缓存获取推文和用户信息 [1886123276520370281]
[2025-02-03T03:57:01.446] [INFO] twitter - 分析用户画像完成, 耗时: 1ms
[2025-02-03T04:08:01.717] [INFO] twitter - Extracted 151 accounts from configuration
[2025-02-03T04:08:16.638] [INFO] twitter - 从缓存获取推文和用户信息 [1886123276520370281]
[2025-02-03T04:08:16.643] [INFO] twitter - 分析用户画像完成, 耗时: 3ms
[2025-02-03T04:08:39.901] [INFO] twitter - 合约搜索成功，找到 11 条结果
[2025-02-03T04:08:39.901] [INFO] twitter - 搜索合约数据完成 [4UZjCKdASvNShAcXPS3hhzH3tGsjXiB4smiTQ597GKQa], 耗时: 3112ms, 结果数: 11
[2025-02-03T04:08:41.696] [INFO] twitter - 缓存单条推文 [1886109377989337234]
[2025-02-03T04:08:42.562] [INFO] twitter - 搜索用户数据完成 [elonmusk], 耗时: 865ms
[2025-02-03T04:08:42.562] [INFO] twitter - 缓存推文作者信息 [elonmusk]
[2025-02-03T04:08:42.562] [INFO] twitter - 获取单条推文完成 [1886109377989337234], 耗时: 2660ms
[2025-02-03T04:08:45.791] [INFO] twitter - 分析用户画像完成, 耗时: 3229ms
[2025-02-03T04:11:51.708] [INFO] twitter - 合约搜索成功，找到 30 条结果
[2025-02-03T04:11:51.708] [INFO] twitter - 搜索合约数据完成 [CzLSujWBLFsSjncfkh59rUFqvafWcY5tzedWJSuypump], 耗时: 3989ms, 结果数: 30
[2025-02-03T04:11:53.893] [INFO] twitter - 搜索用户数据完成 [truth_terminal], 耗时: 2184ms
[2025-02-03T04:11:57.117] [INFO] twitter - 分析用户画像完成, 耗时: 3223ms
[2025-02-03T05:41:05.445] [INFO] twitter - 合约搜索成功，找到 30 条结果
[2025-02-03T05:41:05.445] [INFO] twitter - 搜索合约数据完成 [6p6xgHyF7AeE6TZkSmFsko444wqoP15icUSqi2jfGiPN], 耗时: 4802ms, 结果数: 30
[2025-02-03T05:41:08.949] [INFO] twitter - 搜索用户数据完成 [GetTrumpMemes], 耗时: 3503ms
[2025-02-03T05:41:15.380] [INFO] twitter - 分析用户画像完成, 耗时: 6430ms
[2025-02-03T05:57:21.234] [INFO] twitter - 搜索用户数据完成 [GetTrumpMemes], 耗时: 3ms
[2025-02-03T05:57:21.236] [INFO] twitter - 分析用户画像完成, 耗时: 1ms
[2025-02-03T06:05:17.285] [INFO] twitter - 搜索用户数据完成 [GetTrumpMemes], 耗时: 1ms
[2025-02-03T06:05:17.294] [INFO] twitter - 分析用户画像完成, 耗时: 9ms
[2025-02-03T06:05:32.767] [INFO] twitter - 搜索用户数据完成 [GetTrumpMemes], 耗时: 1ms
[2025-02-03T06:05:32.767] [INFO] twitter - 分析用户画像完成, 耗时: 0ms
[2025-02-03T06:05:34.890] [INFO] twitter - 搜索用户数据完成 [GetTrumpMemes], 耗时: 0ms
[2025-02-03T06:05:34.891] [INFO] twitter - 分析用户画像完成, 耗时: 0ms
[2025-02-03T06:05:35.898] [INFO] twitter - 搜索用户数据完成 [GetTrumpMemes], 耗时: 1ms
[2025-02-03T06:05:35.899] [INFO] twitter - 分析用户画像完成, 耗时: 0ms
[2025-02-03T06:05:43.252] [INFO] twitter - 搜索用户数据完成 [GetTrumpMemes], 耗时: 2ms
[2025-02-03T06:05:43.253] [INFO] twitter - 分析用户画像完成, 耗时: 1ms
[2025-02-03T06:09:38.299] [INFO] twitter - 搜索用户数据完成 [GetTrumpMemes], 耗时: 0ms
[2025-02-03T06:09:38.300] [INFO] twitter - 分析用户画像完成, 耗时: 0ms
[2025-02-03T06:09:48.362] [INFO] twitter - 搜索用户数据完成 [GetTrumpMemes], 耗时: 1ms
[2025-02-03T06:09:48.362] [INFO] twitter - 分析用户画像完成, 耗时: 0ms
[2025-02-03T06:09:51.280] [INFO] twitter - 搜索用户数据完成 [GetTrumpMemes], 耗时: 1ms
[2025-02-03T06:09:51.281] [INFO] twitter - 分析用户画像完成, 耗时: 1ms
[2025-02-03T06:10:15.472] [INFO] twitter - 搜索用户数据完成 [GetTrumpMemes], 耗时: 2ms
[2025-02-03T06:10:15.473] [INFO] twitter - 分析用户画像完成, 耗时: 1ms
[2025-02-03T06:10:28.388] [INFO] twitter - 搜索用户数据完成 [GetTrumpMemes], 耗时: 1ms
[2025-02-03T06:10:28.389] [INFO] twitter - 分析用户画像完成, 耗时: 0ms
[2025-02-03T06:10:35.735] [INFO] twitter - 搜索用户数据完成 [GetTrumpMemes], 耗时: 0ms
[2025-02-03T06:10:35.736] [INFO] twitter - 分析用户画像完成, 耗时: 0ms
[2025-02-03T06:10:39.267] [INFO] twitter - 搜索用户数据完成 [GetTrumpMemes], 耗时: 2ms
[2025-02-03T06:10:39.268] [INFO] twitter - 分析用户画像完成, 耗时: 0ms
[2025-02-03T06:20:56.211] [INFO] twitter - Extracted 151 accounts from configuration
[2025-02-03T06:21:27.665] [INFO] twitter - Extracted 151 accounts from configuration
[2025-02-03T06:22:47.843] [INFO] twitter - 搜索用户数据完成 [GetTrumpMemes], 耗时: 2ms
[2025-02-03T06:22:47.846] [INFO] twitter - 分析用户画像完成, 耗时: 1ms
[2025-02-03T14:49:20.017] [INFO] twitter - 合约搜索成功，找到 30 条结果
[2025-02-03T14:49:20.018] [INFO] twitter - 搜索合约数据完成 [6p6xgHyF7AeE6TZkSmFsko444wqoP15icUSqi2jfGiPN], 耗时: 5666ms, 结果数: 30
[2025-02-03T14:49:23.181] [INFO] twitter - 搜索用户数据完成 [GetTrumpMemes], 耗时: 3162ms
[2025-02-03T14:49:26.507] [INFO] twitter - 分析用户画像完成, 耗时: 3325ms
[2025-02-03T14:50:59.095] [INFO] twitter - 搜索用户数据完成 [GetTrumpMemes], 耗时: 0ms
[2025-02-03T14:50:59.096] [INFO] twitter - 分析用户画像完成, 耗时: 0ms
[2025-02-03T14:51:07.846] [INFO] twitter - 搜索用户数据完成 [GetTrumpMemes], 耗时: 1ms
[2025-02-03T14:51:07.847] [INFO] twitter - 分析用户画像完成, 耗时: 1ms
[2025-02-03T15:14:37.805] [INFO] twitter - Extracted 151 accounts from configuration
[2025-02-03T15:25:06.826] [INFO] twitter - Extracted 5 accounts from configuration
[2025-02-03T15:31:04.320] [INFO] twitter - 搜索用户数据完成 [GetTrumpMemes], 耗时: 3ms
[2025-02-03T15:31:04.323] [INFO] twitter - 分析用户画像完成, 耗时: 2ms
[2025-02-03T15:39:00.335] [INFO] twitter - Extracted 5 accounts from configuration
[2025-02-03T15:39:06.464] [INFO] twitter - Search user data complete [GetTrumpMemes], took: 3ms
[2025-02-03T15:39:06.467] [INFO] twitter - User profile analysis complete, took: 1ms
[2025-02-03T15:39:19.354] [INFO] twitter - Contract search successful, found 30 results
[2025-02-03T15:39:19.354] [INFO] twitter - Search contract data complete [37zHfUpDHsYewfmyxUysMvbcJcocJSexe6SEubk5pump], took: 4440ms, result count: 30
[2025-02-03T15:39:22.696] [INFO] twitter - Search user data complete [Tariff_CTO], took: 3341ms
[2025-02-03T15:39:26.539] [INFO] twitter - User profile analysis complete, took: 3842ms
[2025-02-03T15:41:34.900] [INFO] twitter - Search user data complete [Tariff_CTO], took: 1ms
[2025-02-03T15:41:34.903] [INFO] twitter - User profile analysis complete, took: 3ms
[2025-02-03T15:42:23.632] [INFO] twitter - Contract search successful, found 30 results
[2025-02-03T15:42:23.632] [INFO] twitter - Search contract data complete [CzLSujWBLFsSjncfkh59rUFqvafWcY5tzedWJSuypump], took: 4453ms, result count: 30
[2025-02-03T15:42:26.214] [INFO] twitter - Search user data complete [truth_terminal], took: 2582ms
[2025-02-03T15:42:30.764] [INFO] twitter - User profile analysis complete, took: 4549ms
[2025-02-03T15:43:32.954] [INFO] twitter - Contract search successful, found 30 results
[2025-02-03T15:43:32.954] [INFO] twitter - Search contract data complete [0x9F3BCBE48E8b754F331Dfc694A894e8E686aC31D], took: 4215ms, result count: 30
[2025-02-03T15:43:35.305] [INFO] twitter - Search user data complete [actdefansfi], took: 2350ms
[2025-02-03T15:43:38.928] [INFO] twitter - User profile analysis complete, took: 3622ms
[2025-02-03T15:47:31.177] [INFO] twitter - Extracted 5 accounts from configuration
[2025-02-03T15:48:03.185] [INFO] twitter - Contract search successful, found 30 results
[2025-02-03T15:48:03.185] [INFO] twitter - Search contract data complete [74SBV4zDXxTRgv1pEMoECskKBkZHc2yGPnc7GYVepump], took: 5107ms, result count: 30
[2025-02-03T15:48:07.645] [INFO] twitter - Search user data complete [swarms_corp], took: 4459ms
[2025-02-03T15:48:11.049] [INFO] twitter - User profile analysis complete, took: 3403ms
[2025-02-03T17:08:52.132] [INFO] twitter - Extracted 5 accounts from configuration
[2025-02-03T17:08:59.657] [INFO] twitter - Contract search successful, found 30 results
[2025-02-03T17:08:59.657] [INFO] twitter - Search contract data complete [M5MFPbS4X6eYek21xhFU38DTavMLuGY9eyC5p8Tpump], took: 5120ms, result count: 30
[2025-02-03T17:09:02.076] [INFO] twitter - Cached single tweet [1881590466699006368]
[2025-02-03T17:09:03.056] [INFO] twitter - Search user data complete [DegenerateNews], took: 979ms
[2025-02-03T17:09:03.057] [INFO] twitter - Cached tweet author info [DegenerateNews]
[2025-02-03T17:09:03.057] [INFO] twitter - Single tweet retrieval complete [1881590466699006368], took: 3399ms
[2025-02-03T17:09:07.364] [INFO] twitter - User profile analysis complete, took: 4306ms
[2025-02-03T17:09:21.924] [INFO] twitter - Retrieved tweet and user info [1881590466699006368] from cache
[2025-02-03T17:09:21.925] [INFO] twitter - User profile analysis complete, took: 1ms
[2025-02-03T17:09:22.605] [INFO] twitter - Retrieved tweet and user info [1881590466699006368] from cache
[2025-02-03T17:09:22.606] [INFO] twitter - User profile analysis complete, took: 1ms
[2025-02-03T17:11:27.142] [INFO] twitter - Retrieved tweet and user info [1881590466699006368] from cache
[2025-02-03T17:11:27.143] [INFO] twitter - User profile analysis complete, took: 1ms
[2025-02-03T19:35:45.209] [INFO] twitter - Extracted 5 accounts from configuration
[2025-02-03T19:39:25.206] [INFO] twitter - Extracted 5 accounts from configuration
[2025-02-03T19:40:21.774] [INFO] twitter - Contract search successful, found 30 results
[2025-02-03T19:40:21.774] [INFO] twitter - Search contract data complete [CzLSujWBLFsSjncfkh59rUFqvafWcY5tzedWJSuypump], took: 5163ms, result count: 30
[2025-02-03T19:40:24.371] [INFO] twitter - Search user data complete [truth_terminal], took: 2596ms
[2025-02-03T19:40:28.872] [INFO] twitter - User profile analysis complete, took: 4500ms
[2025-02-03T19:40:57.549] [INFO] twitter - Contract search successful, found 30 results
[2025-02-03T19:40:57.550] [INFO] twitter - Search contract data complete [CzLSujWBLFsSjncfkh59rUFqvafWcY5tzedWJSuypump], took: 4337ms, result count: 30
[2025-02-03T19:40:59.471] [INFO] twitter - Search user data complete [truth_terminal], took: 1921ms
[2025-02-03T19:41:04.786] [INFO] twitter - User profile analysis complete, took: 5314ms
[2025-02-03T19:41:21.458] [INFO] twitter - Contract search successful, found 30 results
[2025-02-03T19:41:21.458] [INFO] twitter - Search contract data complete [9RjwNo6hBPkxayWHCqQD1VjaH8igSizEseNZNbddpump], took: 4785ms, result count: 30
[2025-02-03T19:41:24.625] [INFO] twitter - Search user data complete [Stupid__CTO], took: 3167ms
[2025-02-03T19:41:28.435] [INFO] twitter - User profile analysis complete, took: 3809ms
[2025-02-03T19:42:11.905] [INFO] twitter - Contract search successful, found 30 results
[2025-02-03T19:42:11.905] [INFO] twitter - Search contract data complete [6AJcP7wuLwmRYLBNbi825wgguaPsWzPBEHcHndpRpump], took: 4596ms, result count: 30
[2025-02-03T19:42:15.118] [INFO] twitter - Search user data complete [rus], took: 3213ms
[2025-02-03T19:42:50.408] [INFO] twitter - User profile analysis complete, took: 35286ms
[2025-02-03T19:44:59.260] [INFO] twitter - Contract search successful, found 30 results
[2025-02-03T19:44:59.260] [INFO] twitter - Search contract data complete [6AJcP7wuLwmRYLBNbi825wgguaPsWzPBEHcHndpRpump], took: 4354ms, result count: 30
[2025-02-03T19:45:02.406] [INFO] twitter - Search user data complete [rus], took: 3146ms
[2025-02-03T19:45:07.455] [INFO] twitter - User profile analysis complete, took: 5048ms
[2025-02-03T19:46:45.583] [INFO] twitter - Contract search successful, found 30 results
[2025-02-03T19:46:45.584] [INFO] twitter - Search contract data complete [M5MFPbS4X6eYek21xhFU38DTavMLuGY9eyC5p8Tpump], took: 4705ms, result count: 30
[2025-02-03T19:46:48.366] [INFO] twitter - Search user data complete [DegenerateNews], took: 2199ms
[2025-02-03T19:46:48.368] [INFO] twitter - Cached tweet author info [DegenerateNews]
[2025-02-03T19:46:48.368] [INFO] twitter - Single tweet retrieval complete [1881590466699006368], took: 2782ms
[2025-02-03T19:46:52.187] [INFO] twitter - User profile analysis complete, took: 3819ms
[2025-02-03T19:47:08.467] [INFO] twitter - Contract search successful, found 30 results
[2025-02-03T19:47:08.467] [INFO] twitter - Search contract data complete [M5MFPbS4X6eYek21xhFU38DTavMLuGY9eyC5p8Tpump], took: 4396ms, result count: 30
[2025-02-03T19:47:08.470] [INFO] twitter - Retrieved tweet and user info [1881590466699006368] from cache
[2025-02-03T19:47:12.285] [INFO] twitter - User profile analysis complete, took: 3814ms
[2025-02-03T19:48:00.852] [INFO] twitter - Contract search successful, found 30 results
[2025-02-03T19:48:00.852] [INFO] twitter - Search contract data complete [M5MFPbS4X6eYek21xhFU38DTavMLuGY9eyC5p8Tpump], took: 4622ms, result count: 30
[2025-02-03T19:48:00.854] [INFO] twitter - Retrieved tweet and user info [1881590466699006368] from cache
[2025-02-03T19:48:05.062] [INFO] twitter - User profile analysis complete, took: 4208ms
[2025-02-03T19:48:26.375] [INFO] twitter - Contract search successful, found 30 results
[2025-02-03T19:48:26.376] [INFO] twitter - Search contract data complete [H7ASztrWPx5E7NgVZxELRAwiNGkUmwsZtWutXpYFpump], took: 4195ms, result count: 30
[2025-02-03T19:48:29.159] [INFO] twitter - Search user data complete [nikitabier], took: 2003ms
[2025-02-03T19:48:29.160] [INFO] twitter - Cached tweet author info [nikitabier]
[2025-02-03T19:48:29.160] [INFO] twitter - Single tweet retrieval complete [1886123276520370281], took: 2784ms
[2025-02-03T19:48:33.133] [INFO] twitter - User profile analysis complete, took: 3972ms
[2025-02-03T19:52:14.651] [INFO] twitter - Extracted 5 accounts from configuration
[2025-02-03T19:52:25.451] [INFO] twitter - Contract search successful, found 30 results
[2025-02-03T19:52:25.452] [INFO] twitter - Search contract data complete [M5MFPbS4X6eYek21xhFU38DTavMLuGY9eyC5p8Tpump], took: 4553ms, result count: 30
[2025-02-03T19:52:25.454] [INFO] twitter - Retrieved tweet and user info [1881590466699006368] from cache
[2025-02-03T19:52:33.265] [INFO] twitter - User profile analysis complete, took: 7810ms
[2025-02-03T19:53:20.512] [INFO] twitter - Contract search successful, found 30 results
[2025-02-03T19:53:20.512] [INFO] twitter - Search contract data complete [M5MFPbS4X6eYek21xhFU38DTavMLuGY9eyC5p8Tpump], took: 4467ms, result count: 30
[2025-02-03T19:53:20.514] [INFO] twitter - Retrieved tweet and user info [1881590466699006368] from cache
[2025-02-03T19:53:24.741] [INFO] twitter - User profile analysis complete, took: 4226ms
[2025-02-03T19:53:43.626] [INFO] twitter - Contract search successful, found 30 results
[2025-02-03T19:53:43.626] [INFO] twitter - Search contract data complete [M5MFPbS4X6eYek21xhFU38DTavMLuGY9eyC5p8Tpump], took: 4792ms, result count: 30
[2025-02-03T19:53:43.628] [INFO] twitter - Retrieved tweet and user info [1881590466699006368] from cache
[2025-02-03T19:53:47.945] [INFO] twitter - User profile analysis complete, took: 4316ms
[2025-02-03T19:55:23.437] [INFO] twitter - Extracted 5 accounts from configuration
[2025-02-03T19:55:39.026] [INFO] twitter - Contract search successful, found 30 results
[2025-02-03T19:55:39.026] [INFO] twitter - Search contract data complete [M5MFPbS4X6eYek21xhFU38DTavMLuGY9eyC5p8Tpump], took: 4191ms, result count: 30
[2025-02-03T19:55:39.029] [INFO] twitter - Retrieved tweet and user info [1881590466699006368] from cache
[2025-02-03T19:56:10.479] [INFO] twitter - User profile analysis complete, took: 31448ms
[2025-02-03T19:56:11.472] [INFO] twitter - Contract search successful, found 30 results
[2025-02-03T19:56:11.472] [INFO] twitter - Search contract data complete [M5MFPbS4X6eYek21xhFU38DTavMLuGY9eyC5p8Tpump], took: 4604ms, result count: 30
[2025-02-03T19:56:11.473] [INFO] twitter - Retrieved tweet and user info [1881590466699006368] from cache
[2025-02-03T19:56:38.741] [INFO] twitter - User profile analysis complete, took: 27267ms
[2025-02-03T19:57:33.692] [INFO] twitter - Contract search successful, found 30 results
[2025-02-03T19:57:33.692] [INFO] twitter - Search contract data complete [M5MFPbS4X6eYek21xhFU38DTavMLuGY9eyC5p8Tpump], took: 5046ms, result count: 30
[2025-02-03T19:57:33.696] [INFO] twitter - Retrieved tweet and user info [1881590466699006368] from cache
[2025-02-03T19:57:37.926] [INFO] twitter - User profile analysis complete, took: 4230ms
[2025-02-03T19:59:47.434] [INFO] twitter - Extracted 5 accounts from configuration
[2025-02-03T19:59:59.541] [INFO] twitter - Contract search successful, found 30 results
[2025-02-03T19:59:59.542] [INFO] twitter - Search contract data complete [M5MFPbS4X6eYek21xhFU38DTavMLuGY9eyC5p8Tpump], took: 5074ms, result count: 30
[2025-02-03T19:59:59.543] [INFO] twitter - Retrieved tweet and user info [1881590466699006368] from cache
[2025-02-03T20:00:04.454] [INFO] twitter - User profile analysis complete, took: 4910ms
[2025-02-03T20:00:24.906] [INFO] twitter - Contract search successful, found 30 results
[2025-02-03T20:00:24.906] [INFO] twitter - Search contract data complete [H7ASztrWPx5E7NgVZxELRAwiNGkUmwsZtWutXpYFpump], took: 4704ms, result count: 30
[2025-02-03T20:00:24.907] [INFO] twitter - Retrieved tweet and user info [1886123276520370281] from cache
[2025-02-03T20:00:28.783] [INFO] twitter - User profile analysis complete, took: 3875ms
[2025-02-03T20:00:51.256] [INFO] twitter - Contract search successful, found 30 results
[2025-02-03T20:00:51.256] [INFO] twitter - Search contract data complete [6AJcP7wuLwmRYLBNbi825wgguaPsWzPBEHcHndpRpump], took: 4519ms, result count: 30
[2025-02-03T20:00:54.534] [INFO] twitter - Search user data complete [rus], took: 3277ms
[2025-02-03T20:00:59.123] [INFO] twitter - User profile analysis complete, took: 4589ms
[2025-02-03T20:02:07.541] [INFO] twitter - Contract search successful, found 30 results
[2025-02-03T20:02:07.541] [INFO] twitter - Search contract data complete [bxuyxawNafCnQZFVSnBn2wb4iGpqAB58StvMWerpump], took: 4368ms, result count: 30
[2025-02-03T20:02:07.542] [INFO] twitter - Search user data complete [undefined], took: 0ms
[2025-02-03T20:02:11.836] [INFO] twitter - User profile analysis complete, took: 4294ms
[2025-02-03T20:02:36.115] [INFO] twitter - Contract search successful, found 30 results
[2025-02-03T20:02:36.115] [INFO] twitter - Search contract data complete [BmXfbamFqrBzrqihr9hbSmEsfQUXMVaqshAjgvZupump], took: 4542ms, result count: 30
[2025-02-03T20:02:38.817] [INFO] twitter - Search user data complete [lux_gg_official], took: 2701ms
[2025-02-03T20:02:43.163] [INFO] twitter - User profile analysis complete, took: 4346ms
[2025-02-03T20:03:02.161] [INFO] twitter - Contract search successful, found 30 results
[2025-02-03T20:03:02.161] [INFO] twitter - Search contract data complete [74SBV4zDXxTRgv1pEMoECskKBkZHc2yGPnc7GYVepump], took: 4739ms, result count: 30
[2025-02-03T20:03:05.519] [INFO] twitter - Search user data complete [swarms_corp], took: 3357ms
[2025-02-03T20:03:10.398] [INFO] twitter - User profile analysis complete, took: 4879ms
[2025-02-03T20:03:41.334] [INFO] twitter - Contract search successful, found 30 results
[2025-02-03T20:03:41.334] [INFO] twitter - Search contract data complete [FeR8VBqNRSUD5NtXAj2n3j1dAHkZHfyDktKuLXD4pump], took: 4430ms, result count: 30
[2025-02-03T20:03:44.390] [INFO] twitter - Search user data complete [jellyvideochats], took: 3055ms
[2025-02-03T20:03:54.993] [INFO] twitter - User profile analysis complete, took: 10603ms
[2025-02-03T20:05:36.478] [INFO] twitter - Contract search successful, found 30 results
[2025-02-03T20:05:36.479] [INFO] twitter - Search contract data complete [FUAfBo2jgks6gB4Z4LfZkqSZgzNucisEHqnNebaRxM1P], took: 4422ms, result count: 30
[2025-02-03T20:05:40.099] [INFO] twitter - Search user data complete [MELANIATRUMP], took: 3037ms
[2025-02-03T20:05:40.100] [INFO] twitter - Cached tweet author info [MELANIATRUMP]
[2025-02-03T20:05:40.100] [INFO] twitter - Single tweet retrieval complete [1881087523847593995], took: 3621ms
[2025-02-03T20:05:44.759] [INFO] twitter - User profile analysis complete, took: 4659ms
[2025-02-03T20:06:14.037] [INFO] twitter - Contract search successful, found 30 results
[2025-02-03T20:06:14.038] [INFO] twitter - Search contract data complete [5voS9evDjxF589WuEub5i4ti7FWQmZCsAsyD5ucbuRqM], took: 5185ms, result count: 30
[2025-02-03T20:06:16.793] [INFO] twitter - Search user data complete [elizawakesup], took: 2754ms
[2025-02-03T20:06:20.774] [INFO] twitter - User profile analysis complete, took: 3981ms
[2025-02-03T20:44:35.012] [INFO] twitter - Extracted 5 accounts from configuration
[2025-02-03T20:44:52.909] [INFO] twitter - Search user data complete [elizawakesup], took: 3ms
[2025-02-03T20:44:52.911] [INFO] twitter - User profile analysis complete, took: 1ms
[2025-02-03T20:45:21.056] [INFO] twitter - Contract search successful, found 30 results
[2025-02-03T20:45:21.056] [INFO] twitter - Search contract data complete [Df6yfrKC8kZE3KNkrHERKzAetSxbrWeniQfyJY4Jpump], took: 7403ms, result count: 30
[2025-02-03T20:45:26.647] [INFO] twitter - Search user data complete [chillguycto], took: 5590ms
[2025-02-03T20:46:06.669] [ERROR] twitter - User profile analysis failed, took: 40021ms, error: Error: Unable to complete analysis, please try again later
    at UserProfileAnalyzer.analyzeUserProfile (d:\workspace\web3\search\searchnext\frontend\searchbot\userProfileAnalyzer.js:213:19)
    at async TwitterSearchService.analyzeProfile (d:\workspace\web3\search\searchnext\frontend\searchbot\twitterSearchService.js:410:33)
    at async d:\workspace\web3\search\searchnext\frontend\searchbot\server.js:187:42
[2025-02-03T20:46:06.670] [ERROR] twitter - Analysis failed: Error: Unable to complete analysis, please try again later
    at UserProfileAnalyzer.analyzeUserProfile (d:\workspace\web3\search\searchnext\frontend\searchbot\userProfileAnalyzer.js:213:19)
    at async TwitterSearchService.analyzeProfile (d:\workspace\web3\search\searchnext\frontend\searchbot\twitterSearchService.js:410:33)
    at async d:\workspace\web3\search\searchnext\frontend\searchbot\server.js:187:42
[2025-02-03T20:46:10.960] [INFO] twitter - Search user data complete [chillguycto], took: 0ms
[2025-02-03T20:46:15.558] [INFO] twitter - User profile analysis complete, took: 4597ms
[2025-02-03T20:47:03.310] [INFO] twitter - Retrieved tweet and user info [1881087523847593995] from cache
[2025-02-03T20:47:03.311] [INFO] twitter - User profile analysis complete, took: 0ms
[2025-02-03T20:55:34.987] [INFO] twitter - Extracted 5 accounts from configuration
[2025-02-03T20:56:52.806] [INFO] twitter - Contract search successful, found 30 results
[2025-02-03T20:56:52.806] [INFO] twitter - Search contract data complete [7AektWVgnqNANz76q8w7SkXqJaSoXYGx1qSPxdWJpump], took: 5464ms, result count: 30
[2025-02-03T20:56:55.803] [INFO] twitter - Search user data complete [SuperPainCycle], took: 2995ms
[2025-02-03T20:56:59.984] [INFO] twitter - User profile analysis complete, took: 4180ms
[2025-02-03T21:09:25.642] [INFO] twitter - Extracted 5 accounts from configuration
[2025-02-03T21:12:21.060] [INFO] twitter - Search user data complete [SuperPainCycle], took: 2ms
[2025-02-03T21:12:21.062] [INFO] twitter - User profile analysis complete, took: 1ms
[2025-02-03T21:20:56.276] [INFO] twitter - Extracted 5 accounts from configuration
[2025-02-03T21:27:25.003] [INFO] twitter - Contract search successful, found 30 results
[2025-02-03T21:27:25.003] [INFO] twitter - Search contract data complete [M5MFPbS4X6eYek21xhFU38DTavMLuGY9eyC5p8Tpump], took: 7084ms, result count: 30
[2025-02-03T21:27:32.338] [INFO] twitter - Search user data complete [DegenerateNews], took: 6142ms
[2025-02-03T21:27:32.342] [INFO] twitter - Cached tweet author info [DegenerateNews]
[2025-02-03T21:27:32.343] [INFO] twitter - Single tweet retrieval complete [1881590466699006368], took: 7339ms
[2025-02-03T21:27:54.056] [ERROR] twitter - User profile analysis failed, took: 21712ms, error: Error: Unable to complete analysis, please try again later
    at UserProfileAnalyzer.analyzeUserProfile (d:\workspace\web3\search\searchnext\frontend\searchbot\userProfileAnalyzer.js:213:19)
    at process.processTicksAndRejections (node:internal/process/task_queues:105:5)
    at async TwitterSearchService.analyzeProfile (d:\workspace\web3\search\searchnext\frontend\searchbot\twitterSearchService.js:307:33)
    at async d:\workspace\web3\search\searchnext\frontend\searchbot\server.js:187:42
[2025-02-03T21:27:54.056] [ERROR] twitter - Analysis failed: Error: Unable to complete analysis, please try again later
    at UserProfileAnalyzer.analyzeUserProfile (d:\workspace\web3\search\searchnext\frontend\searchbot\userProfileAnalyzer.js:213:19)
    at process.processTicksAndRejections (node:internal/process/task_queues:105:5)
    at async TwitterSearchService.analyzeProfile (d:\workspace\web3\search\searchnext\frontend\searchbot\twitterSearchService.js:307:33)
    at async d:\workspace\web3\search\searchnext\frontend\searchbot\server.js:187:42
[2025-02-03T21:28:02.922] [INFO] twitter - Retrieved tweet and user info [1881590466699006368] from cache
[2025-02-03T21:28:42.934] [ERROR] twitter - User profile analysis failed, took: 40011ms, error: Error: Unable to complete analysis, please try again later
    at UserProfileAnalyzer.analyzeUserProfile (d:\workspace\web3\search\searchnext\frontend\searchbot\userProfileAnalyzer.js:213:19)
    at async TwitterSearchService.analyzeProfile (d:\workspace\web3\search\searchnext\frontend\searchbot\twitterSearchService.js:307:33)
    at async d:\workspace\web3\search\searchnext\frontend\searchbot\server.js:187:42
[2025-02-03T21:28:42.934] [ERROR] twitter - Analysis failed: Error: Unable to complete analysis, please try again later
    at UserProfileAnalyzer.analyzeUserProfile (d:\workspace\web3\search\searchnext\frontend\searchbot\userProfileAnalyzer.js:213:19)
    at async TwitterSearchService.analyzeProfile (d:\workspace\web3\search\searchnext\frontend\searchbot\twitterSearchService.js:307:33)
    at async d:\workspace\web3\search\searchnext\frontend\searchbot\server.js:187:42
[2025-02-03T21:31:32.605] [INFO] twitter - Extracted 5 accounts from configuration
[2025-02-03T21:31:38.747] [INFO] twitter - Contract search successful, found 30 results
[2025-02-03T21:31:38.747] [INFO] twitter - Search contract data complete [3QTcwugiAGA7HnzcNf7qaHt7XakdscMxJ1TE5Wnspump], took: 4437ms, result count: 30
[2025-02-03T21:31:41.420] [INFO] twitter - Search user data complete [traviscline], took: 2672ms
[2025-02-03T21:31:45.542] [INFO] twitter - User profile analysis complete, took: 4121ms
[2025-02-03T21:51:02.142] [INFO] twitter - Extracted 5 accounts from configuration
[2025-02-03T21:51:08.404] [INFO] twitter - Contract search successful, found 30 results
[2025-02-03T21:51:08.404] [INFO] twitter - Search contract data complete [CzLSujWBLFsSjncfkh59rUFqvafWcY5tzedWJSuypump], took: 4278ms, result count: 30
[2025-02-03T21:51:10.693] [INFO] twitter - Search user data complete [truth_terminal], took: 2289ms
[2025-02-03T21:51:16.144] [INFO] twitter - User profile analysis complete, took: 5451ms
[2025-02-03T21:51:57.266] [INFO] twitter - Extracted 5 accounts from configuration
[2025-02-03T21:51:58.836] [INFO] twitter - Search user data complete [truth_terminal], took: 1ms
[2025-02-03T21:51:58.838] [INFO] twitter - User profile analysis complete, took: 1ms
[2025-02-03T21:52:40.643] [INFO] twitter - Extracted 5 accounts from configuration
[2025-02-03T21:52:42.944] [INFO] twitter - Search user data complete [truth_terminal], took: 1ms
[2025-02-03T21:52:42.945] [INFO] twitter - User profile analysis complete, took: 1ms
[2025-02-03T21:57:20.813] [INFO] twitter - Extracted 5 accounts from configuration
[2025-02-03T21:57:22.810] [INFO] twitter - Search user data complete [truth_terminal], took: 2ms
[2025-02-03T21:57:22.811] [INFO] twitter - User profile analysis complete, took: 1ms
[2025-02-03T21:57:55.521] [INFO] twitter - Extracted 5 accounts from configuration
[2025-02-03T21:58:04.899] [INFO] twitter - Contract search successful, found 8 results
[2025-02-03T21:58:04.899] [INFO] twitter - Search contract data complete [8ikUHJ2s9HRbA9W1oxWqXuH2NqPTpi6PogV44eqepump], took: 6545ms, result count: 8
[2025-02-03T21:58:21.376] [INFO] twitter - User profile analysis complete, took: 16477ms
[2025-02-03T22:45:52.442] [INFO] twitter - Extracted 5 accounts from configuration
[2025-02-03T22:45:58.504] [INFO] twitter - Contract search successful, found 30 results
[2025-02-03T22:45:58.504] [INFO] twitter - Search contract data complete [BP7YCdPC7GK9Wu28eFAMcbe5zd9j1c6q1HVadmi3pump], took: 4646ms, result count: 30
[2025-02-03T22:46:01.071] [INFO] twitter - Search user data complete [AkitaInuOnSol], took: 2567ms
[2025-02-03T22:46:05.887] [INFO] twitter - User profile analysis complete, took: 4816ms
